<?xml version="1.0" encoding="UTF-8"?>
<!-- Generated by org.testng.reporters.JUnitXMLReporter -->
<testsuite ignored="0" hostname="Poojas-MacbookAir.local" failures="0" tests="3" name="Default test" time="40.879" errors="0" timestamp="2023-09-06T13:50:03 IST">
  <testcase classname="testNG_practise.dataprovider" name="demo" time="15.911"/>
  <testcase classname="testNG_practise.dataprovider" name="demo" time="12.468"/>
  <testcase classname="testNG_practise.dataprovider" name="demo" time="12.394"/>
</testsuite> <!-- Default test -->
