<?xml version="1.0" encoding="UTF-8"?>
<testng-results ignored="0" total="3" passed="3" failed="0" skipped="0">
  <reporter-output>
  </reporter-output>
  <suite started-at="2023-09-06T13:49:22 IST" name="Default suite" finished-at="2023-09-06T13:50:03 IST" duration-ms="40879">
    <groups>
    </groups>
    <test started-at="2023-09-06T13:49:22 IST" name="Default test" finished-at="2023-09-06T13:50:03 IST" duration-ms="40879">
      <class name="testNG_practise.dataprovider">
        <test-method signature="demo(java.lang.String,java.lang.String)[pri:0, instance:testNG_practise.dataprovider@3a44431a]" started-at="2023-09-06T13:49:22 IST" name="demo" data-provider="getData" finished-at="2023-09-06T13:49:38 IST" duration-ms="15911" status="PASS">
          <params>
            <param index="0">
              <value>
                <![CDATA[asdf]]>
              </value>
            </param>
            <param index="1">
              <value>
                <![CDATA[1233]]>
              </value>
            </param>
          </params>
          <reporter-output>
          </reporter-output>
        </test-method> <!-- demo -->
        <test-method signature="demo(java.lang.String,java.lang.String)[pri:0, instance:testNG_practise.dataprovider@3a44431a]" started-at="2023-09-06T13:49:38 IST" name="demo" data-provider="getData" finished-at="2023-09-06T13:49:50 IST" duration-ms="12468" status="PASS">
          <params>
            <param index="0">
              <value>
                <![CDATA[afsdf]]>
              </value>
            </param>
            <param index="1">
              <value>
                <![CDATA[12r33]]>
              </value>
            </param>
          </params>
          <reporter-output>
          </reporter-output>
        </test-method> <!-- demo -->
        <test-method signature="demo(java.lang.String,java.lang.String)[pri:0, instance:testNG_practise.dataprovider@3a44431a]" started-at="2023-09-06T13:49:50 IST" name="demo" data-provider="getData" finished-at="2023-09-06T13:50:03 IST" duration-ms="12394" status="PASS">
          <params>
            <param index="0">
              <value>
                <![CDATA[asmdf]]>
              </value>
            </param>
            <param index="1">
              <value>
                <![CDATA[12h33]]>
              </value>
            </param>
          </params>
          <reporter-output>
          </reporter-output>
        </test-method> <!-- demo -->
      </class> <!-- testNG_practise.dataprovider -->
    </test> <!-- Default test -->
  </suite> <!-- Default suite -->
</testng-results>
